1614633375721	geckodriver	INFO	Listening on 127.0.0.1:49747
1614633378793	mozrunner::runner	INFO	Running command: "C:\\Program Files\\Mozilla Firefox\\firefox.exe" "--marionette" "-foreground" "-no-remote" "-profile" "C:\\Users\\eliza\\AppData\\Local\\Temp\\rust_mozprofilehOdbkx"
console.warn: SearchSettings: "get: No settings file exists, new profile?" (new Error("", "(unknown module)"))
1614633380105	Marionette	INFO	Listening on port 49758
1614633380336	Marionette	WARN	TLS certificate errors will be ignored for this session
1614633436584	Marionette	INFO	Stopped listening on port 49758

###!!! [Child][RunMessage] Error: Channel closing: too late to send/recv, messages will be lost

1614633440424	geckodriver	INFO	Listening on 127.0.0.1:49876
1614633443515	mozrunner::runner	INFO	Running command: "C:\\Program Files\\Mozilla Firefox\\firefox.exe" "--marionette" "-foreground" "-no-remote" "-profile" "C:\\Users\\eliza\\AppData\\Local\\Temp\\rust_mozprofilesfMBG9"
console.warn: SearchSettings: "get: No settings file exists, new profile?" (new Error("", "(unknown module)"))
1614633444874	Marionette	INFO	Listening on port 49887
1614633445056	Marionette	WARN	TLS certificate errors will be ignored for this session
1614633448625	Marionette	INFO	Stopped listening on port 49887
1614633672606	geckodriver	INFO	Listening on 127.0.0.1:50225
1614633675677	mozrunner::runner	INFO	Running command: "C:\\Program Files\\Mozilla Firefox\\firefox.exe" "--marionette" "-foreground" "-no-remote" "-profile" "C:\\Users\\eliza\\AppData\\Local\\Temp\\rust_mozprofilecNDGxN"
console.warn: SearchSettings: "get: No settings file exists, new profile?" (new Error("", "(unknown module)"))
1614633677016	Marionette	INFO	Listening on port 50235
1614633677229	Marionette	WARN	TLS certificate errors will be ignored for this session
1614633680803	Marionette	INFO	Stopped listening on port 50235
1614633720465	geckodriver	INFO	Listening on 127.0.0.1:50402
1614633723532	mozrunner::runner	INFO	Running command: "C:\\Program Files\\Mozilla Firefox\\firefox.exe" "--marionette" "-foreground" "-no-remote" "-profile" "C:\\Users\\eliza\\AppData\\Local\\Temp\\rust_mozprofile4ycD9c"
console.warn: SearchSettings: "get: No settings file exists, new profile?" (new Error("", "(unknown module)"))
1614633724904	Marionette	INFO	Listening on port 50410
1614633725068	Marionette	WARN	TLS certificate errors will be ignored for this session
1614633729370	Marionette	INFO	Stopped listening on port 50410

###!!! [Child][RunMessage] Error: Channel closing: too late to send/recv, messages will be lost

1614634029753	geckodriver	INFO	Listening on 127.0.0.1:50764
1614634032831	mozrunner::runner	INFO	Running command: "C:\\Program Files\\Mozilla Firefox\\firefox.exe" "--marionette" "-foreground" "-no-remote" "-profile" "C:\\Users\\eliza\\AppData\\Local\\Temp\\rust_mozprofilerPvfze"
console.warn: SearchSettings: "get: No settings file exists, new profile?" (new Error("", "(unknown module)"))
1614634034091	Marionette	INFO	Listening on port 50772
1614634034382	Marionette	WARN	TLS certificate errors will be ignored for this session
1614634050105	Marionette	INFO	Stopped listening on port 50772
